<?xml version="1.0" encoding="UTF-8"?>
<!-- Generated by org.testng.reporters.JUnitReportReporter -->
<testsuite skipped="0" hostname="Jaadoos-MacBook-Pro.local" name="SeleniumObjRepo.SFDCLoginErrorMsg" tests="1" failures="0" timestamp="29 Aug 2017 06:52:26 GMT" time="4.006" errors="0">
  <testcase name="testSFDCLogin" time="4.006" classname="SeleniumObjRepo.SFDCLoginErrorMsg"/>
</testsuite> <!-- SeleniumObjRepo.SFDCLoginErrorMsg -->
