<?xml version="1.0" encoding="UTF-8"?>
<!-- Generated by org.testng.reporters.JUnitReportReporter -->
<testsuite skipped="0" hostname="Jaadoos-MacBook-Pro.local" name="SeleniumObjRepo.TestSFLoginTNG" tests="1" failures="0" timestamp="25 Aug 2017 18:55:20 GMT" time="3.133" errors="0">
  <testcase name="testSFDCLogin" time="3.133" classname="SeleniumObjRepo.TestSFLoginTNG"/>
</testsuite> <!-- SeleniumObjRepo.TestSFLoginTNG -->
