<?xml version="1.0" encoding="UTF-8"?>
<!-- Generated by org.testng.reporters.JUnitReportReporter -->
<testsuite skipped="0" hostname="Jaadoos-MacBook-Pro.local" name="SeleniumObjRepo.SFDCWrongLoginAndWrongPwd" tests="1" failures="0" timestamp="25 Aug 2017 21:00:07 GMT" time="2.743" errors="0">
  <testcase name="testSFDCLoginFailure" time="2.743" classname="SeleniumObjRepo.SFDCWrongLoginAndWrongPwd"/>
</testsuite> <!-- SeleniumObjRepo.SFDCWrongLoginAndWrongPwd -->
